<?xml version="1.0" encoding="UTF-8"?>
<coverage generated="1616519828759" clover="3.2.0">
  <project timestamp="1616519828759" name="All files">
    <metrics statements="37" coveredstatements="37" conditionals="2" coveredconditionals="2" methods="6" coveredmethods="6" elements="45" coveredelements="45" complexity="0" loc="37" ncloc="37" packages="3" files="6" classes="6"/>
    <package name="wasserstandinfo-prefetch">
      <metrics statements="7" coveredstatements="7" conditionals="0" coveredconditionals="0" methods="1" coveredmethods="1"/>
      <file name="index.js" path="/Users/dschmitz/dev/projects/wasserstandinfo-prefetch/index.js">
        <metrics statements="7" coveredstatements="7" conditionals="0" coveredconditionals="0" methods="1" coveredmethods="1"/>
        <line num="1" count="2" type="stmt"/>
        <line num="2" count="2" type="stmt"/>
        <line num="3" count="2" type="stmt"/>
        <line num="5" count="2" type="stmt"/>
        <line num="7" count="2" type="stmt"/>
        <line num="8" count="2" type="stmt"/>
        <line num="10" count="2" type="stmt"/>
      </file>
    </package>
    <package name="wasserstandinfo-prefetch.src">
      <metrics statements="28" coveredstatements="28" conditionals="2" coveredconditionals="2" methods="5" coveredmethods="5"/>
      <file name="pegelOnline.js" path="/Users/dschmitz/dev/projects/wasserstandinfo-prefetch/src/pegelOnline.js">
        <metrics statements="8" coveredstatements="8" conditionals="0" coveredconditionals="0" methods="1" coveredmethods="1"/>
        <line num="1" count="2" type="stmt"/>
        <line num="2" count="2" type="stmt"/>
        <line num="4" count="2" type="stmt"/>
        <line num="5" count="2" type="stmt"/>
        <line num="6" count="2" type="stmt"/>
        <line num="8" count="2" type="stmt"/>
        <line num="10" count="1" type="stmt"/>
        <line num="13" count="2" type="stmt"/>
      </file>
      <file name="stationData.js" path="/Users/dschmitz/dev/projects/wasserstandinfo-prefetch/src/stationData.js">
        <metrics statements="11" coveredstatements="11" conditionals="2" coveredconditionals="2" methods="3" coveredmethods="3"/>
        <line num="1" count="4" type="stmt"/>
        <line num="2" count="4" type="stmt"/>
        <line num="3" count="4" type="stmt"/>
        <line num="5" count="4" type="stmt"/>
        <line num="6" count="3" type="cond" truecount="2" falsecount="0"/>
        <line num="7" count="1" type="stmt"/>
        <line num="10" count="2" type="stmt"/>
        <line num="17" count="2" type="stmt"/>
        <line num="18" count="2" type="stmt"/>
        <line num="21" count="665" type="stmt"/>
        <line num="23" count="4" type="stmt"/>
      </file>
      <file name="wasserstand-info.js" path="/Users/dschmitz/dev/projects/wasserstandinfo-prefetch/src/wasserstand-info.js">
        <metrics statements="9" coveredstatements="9" conditionals="0" coveredconditionals="0" methods="1" coveredmethods="1"/>
        <line num="1" count="4" type="stmt"/>
        <line num="2" count="4" type="stmt"/>
        <line num="3" count="4" type="stmt"/>
        <line num="5" count="4" type="stmt"/>
        <line num="6" count="4" type="stmt"/>
        <line num="7" count="4" type="stmt"/>
        <line num="9" count="3" type="stmt"/>
        <line num="10" count="3" type="stmt"/>
        <line num="13" count="4" type="stmt"/>
      </file>
    </package>
    <package name="wasserstandinfo-prefetch.src.test-fixtures">
      <metrics statements="2" coveredstatements="2" conditionals="0" coveredconditionals="0" methods="0" coveredmethods="0"/>
      <file name="raw_stations.js" path="/Users/dschmitz/dev/projects/wasserstandinfo-prefetch/src/test-fixtures/raw_stations.js">
        <metrics statements="1" coveredstatements="1" conditionals="0" coveredconditionals="0" methods="0" coveredmethods="0"/>
        <line num="1" count="3" type="stmt"/>
      </file>
      <file name="stations.js" path="/Users/dschmitz/dev/projects/wasserstandinfo-prefetch/src/test-fixtures/stations.js">
        <metrics statements="1" coveredstatements="1" conditionals="0" coveredconditionals="0" methods="0" coveredmethods="0"/>
        <line num="1" count="1" type="stmt"/>
      </file>
    </package>
  </project>
</coverage>
