{"/Users/dschmitz/dev/projects/wasserstandinfo-prefetch/index.js": {"path":"/Users/dschmitz/dev/projects/wasserstandinfo-prefetch/index.js","statementMap":{"0":{"start":{"line":1,"column":0},"end":{"line":1,"column":47}},"1":{"start":{"line":2,"column":15},"end":{"line":2,"column":67}},"2":{"start":{"line":3,"column":0},"end":{"line":3,"column":66}},"3":{"start":{"line":5,"column":32},"end":{"line":5,"column":65}},"4":{"start":{"line":7,"column":0},"end":{"line":11,"column":1}},"5":{"start":{"line":8,"column":2},"end":{"line":8,"column":63}},"6":{"start":{"line":10,"column":2},"end":{"line":10,"column":70}}},"fnMap":{"0":{"name":"(anonymous_0)","decl":{"start":{"line":7,"column":18},"end":{"line":7,"column":19}},"loc":{"start":{"line":7,"column":44},"end":{"line":11,"column":1}},"line":7}},"branchMap":{},"s":{"0":2,"1":2,"2":2,"3":2,"4":2,"5":2,"6":2},"f":{"0":2},"b":{},"_coverageSchema":"1a1c01bbd47fc00a2c39e90264f33305004495a9","hash":"2be2a9ec39d87d22f18e74167f39589331d8c5e4"}
,"/Users/dschmitz/dev/projects/wasserstandinfo-prefetch/src/pegelOnline.js": {"path":"/Users/dschmitz/dev/projects/wasserstandinfo-prefetch/src/pegelOnline.js","statementMap":{"0":{"start":{"line":1,"column":14},"end":{"line":1,"column":38}},"1":{"start":{"line":2,"column":15},"end":{"line":2,"column":67}},"2":{"start":{"line":4,"column":22},"end":{"line":11,"column":1}},"3":{"start":{"line":5,"column":14},"end":{"line":5,"column":80}},"4":{"start":{"line":6,"column":2},"end":{"line":6,"column":47}},"5":{"start":{"line":8,"column":19},"end":{"line":8,"column":58}},"6":{"start":{"line":10,"column":2},"end":{"line":10,"column":13}},"7":{"start":{"line":13,"column":0},"end":{"line":15,"column":1}}},"fnMap":{"0":{"name":"(anonymous_0)","decl":{"start":{"line":4,"column":22},"end":{"line":4,"column":23}},"loc":{"start":{"line":4,"column":34},"end":{"line":11,"column":1}},"line":4}},"branchMap":{},"s":{"0":2,"1":2,"2":2,"3":2,"4":2,"5":2,"6":1,"7":2},"f":{"0":2},"b":{},"_coverageSchema":"1a1c01bbd47fc00a2c39e90264f33305004495a9","hash":"263342308311072fee362bbe1c93938af29bea6b"}
,"/Users/dschmitz/dev/projects/wasserstandinfo-prefetch/src/stationData.js": {"path":"/Users/dschmitz/dev/projects/wasserstandinfo-prefetch/src/stationData.js","statementMap":{"0":{"start":{"line":1,"column":12},"end":{"line":1,"column":30}},"1":{"start":{"line":2,"column":11},"end":{"line":2,"column":51}},"2":{"start":{"line":3,"column":15},"end":{"line":3,"column":67}},"3":{"start":{"line":5,"column":25},"end":{"line":19,"column":1}},"4":{"start":{"line":6,"column":2},"end":{"line":8,"column":3}},"5":{"start":{"line":7,"column":4},"end":{"line":7,"column":65}},"6":{"start":{"line":10,"column":19},"end":{"line":15,"column":3}},"7":{"start":{"line":17,"column":2},"end":{"line":17,"column":51}},"8":{"start":{"line":18,"column":2},"end":{"line":18,"column":47}},"9":{"start":{"line":21,"column":25},"end":{"line":21,"column":144}},"10":{"start":{"line":21,"column":38},"end":{"line":21,"column":144}},"11":{"start":{"line":21,"column":64},"end":{"line":21,"column":141}},"12":{"start":{"line":23,"column":0},"end":{"line":26,"column":1}}},"fnMap":{"0":{"name":"(anonymous_0)","decl":{"start":{"line":5,"column":25},"end":{"line":5,"column":26}},"loc":{"start":{"line":5,"column":60},"end":{"line":19,"column":1}},"line":5},"1":{"name":"(anonymous_1)","decl":{"start":{"line":21,"column":25},"end":{"line":21,"column":26}},"loc":{"start":{"line":21,"column":38},"end":{"line":21,"column":144}},"line":21},"2":{"name":"(anonymous_2)","decl":{"start":{"line":21,"column":50},"end":{"line":21,"column":51}},"loc":{"start":{"line":21,"column":64},"end":{"line":21,"column":141}},"line":21}},"branchMap":{"0":{"loc":{"start":{"line":6,"column":2},"end":{"line":8,"column":3}},"type":"if","locations":[{"start":{"line":6,"column":2},"end":{"line":8,"column":3}},{"start":{"line":6,"column":2},"end":{"line":8,"column":3}}],"line":6}},"s":{"0":4,"1":4,"2":4,"3":4,"4":3,"5":1,"6":2,"7":2,"8":2,"9":4,"10":1,"11":665,"12":4},"f":{"0":3,"1":1,"2":665},"b":{"0":[1,2]},"_coverageSchema":"1a1c01bbd47fc00a2c39e90264f33305004495a9","hash":"5b5804f4e6eab5b6ed97b6087c05a7930ae6de80"}
,"/Users/dschmitz/dev/projects/wasserstandinfo-prefetch/src/wasserstand-info.js": {"path":"/Users/dschmitz/dev/projects/wasserstandinfo-prefetch/src/wasserstand-info.js","statementMap":{"0":{"start":{"line":1,"column":15},"end":{"line":1,"column":67}},"1":{"start":{"line":2,"column":20},"end":{"line":2,"column":44}},"2":{"start":{"line":3,"column":20},"end":{"line":3,"column":44}},"3":{"start":{"line":5,"column":32},"end":{"line":11,"column":1}},"4":{"start":{"line":6,"column":4},"end":{"line":6,"column":46}},"5":{"start":{"line":7,"column":21},"end":{"line":7,"column":54}},"6":{"start":{"line":9,"column":4},"end":{"line":9,"column":41}},"7":{"start":{"line":10,"column":4},"end":{"line":10,"column":103}},"8":{"start":{"line":13,"column":0},"end":{"line":13,"column":40}}},"fnMap":{"0":{"name":"(anonymous_0)","decl":{"start":{"line":5,"column":32},"end":{"line":5,"column":33}},"loc":{"start":{"line":5,"column":60},"end":{"line":11,"column":1}},"line":5}},"branchMap":{},"s":{"0":4,"1":4,"2":4,"3":4,"4":4,"5":4,"6":3,"7":3,"8":4},"f":{"0":4},"b":{},"_coverageSchema":"1a1c01bbd47fc00a2c39e90264f33305004495a9","hash":"912543db729d3691d31839d8a3807c31e6ce5ed5"}
,"/Users/dschmitz/dev/projects/wasserstandinfo-prefetch/src/test-fixtures/raw_stations.js": {"path":"/Users/dschmitz/dev/projects/wasserstandinfo-prefetch/src/test-fixtures/raw_stations.js","statementMap":{"0":{"start":{"line":1,"column":0},"end":{"line":9288,"column":1}}},"fnMap":{},"branchMap":{},"s":{"0":3},"f":{},"b":{},"_coverageSchema":"1a1c01bbd47fc00a2c39e90264f33305004495a9","hash":"5222fe842e7c5846395303b3786371da930a32b4"}
,"/Users/dschmitz/dev/projects/wasserstandinfo-prefetch/src/test-fixtures/stations.js": {"path":"/Users/dschmitz/dev/projects/wasserstandinfo-prefetch/src/test-fixtures/stations.js","statementMap":{"0":{"start":{"line":1,"column":0},"end":{"line":1,"column":60678}}},"fnMap":{},"branchMap":{},"s":{"0":1},"f":{},"b":{},"_coverageSchema":"1a1c01bbd47fc00a2c39e90264f33305004495a9","hash":"93be9783ff0b105f6ca7d0142bc2bc945e3be3f4"}
}
